<?xml version="1.0" encoding="UTF-8"?>
<testng-results skipped="0" failed="0" ignored="0" total="2" passed="2">
  <reporter-output>
  </reporter-output>
  <suite name="Suite" duration-ms="60232" started-at="2018-04-13T14:51:52Z" finished-at="2018-04-13T14:52:52Z">
    <groups>
    </groups>
    <test name="Test" duration-ms="60232" started-at="2018-04-13T14:51:52Z" finished-at="2018-04-13T14:52:52Z">
      <class name="scripts.TestValidLogin">
        <test-method status="PASS" signature="openApplication()[pri:0, instance:scripts.TestValidLogin@2c9f9fb0]" name="openApplication" is-config="true" duration-ms="13055" started-at="2018-04-13T20:21:52Z" finished-at="2018-04-13T20:22:05Z">
          <reporter-output>
          </reporter-output>
        </test-method> <!-- openApplication -->
        <test-method status="PASS" signature="testLogin()[pri:0, instance:scripts.TestValidLogin@2c9f9fb0]" name="testLogin" duration-ms="5978" started-at="2018-04-13T20:22:05Z" finished-at="2018-04-13T20:22:11Z">
          <reporter-output>
          </reporter-output>
        </test-method> <!-- testLogin -->
        <test-method status="PASS" signature="closeApplication()[pri:0, instance:scripts.TestValidLogin@2c9f9fb0]" name="closeApplication" is-config="true" duration-ms="163" started-at="2018-04-13T20:22:11Z" finished-at="2018-04-13T20:22:11Z">
          <reporter-output>
          </reporter-output>
        </test-method> <!-- closeApplication -->
      </class> <!-- scripts.TestValidLogin -->
      <class name="scripts.TestInvalidLogin">
        <test-method status="PASS" signature="openApplication()[pri:0, instance:scripts.TestInvalidLogin@2096442d]" name="openApplication" is-config="true" duration-ms="10227" started-at="2018-04-13T20:22:11Z" finished-at="2018-04-13T20:22:21Z">
          <reporter-output>
          </reporter-output>
        </test-method> <!-- openApplication -->
        <test-method status="PASS" signature="testInvalidLogin()[pri:0, instance:scripts.TestInvalidLogin@2096442d]" name="testInvalidLogin" duration-ms="30555" started-at="2018-04-13T20:22:21Z" finished-at="2018-04-13T20:22:52Z">
          <reporter-output>
          </reporter-output>
        </test-method> <!-- testInvalidLogin -->
        <test-method status="PASS" signature="closeApplication()[pri:0, instance:scripts.TestInvalidLogin@2096442d]" name="closeApplication" is-config="true" duration-ms="215" started-at="2018-04-13T20:22:52Z" finished-at="2018-04-13T20:22:52Z">
          <reporter-output>
          </reporter-output>
        </test-method> <!-- closeApplication -->
      </class> <!-- scripts.TestInvalidLogin -->
    </test> <!-- Test -->
  </suite> <!-- Suite -->
</testng-results>
